[debug] [2024-11-12T21:47:50.072Z] ----------------------------------------------------------------------
[debug] [2024-11-12T21:47:50.077Z] Command:       C:\Program Files\nodejs\node.exe C:\Users\vlds\AppData\Roaming\npm\node_modules\firebase-tools\lib\bin\firebase.js deploy --only functions
[debug] [2024-11-12T21:47:50.078Z] CLI Version:   13.17.0
[debug] [2024-11-12T21:47:50.078Z] Platform:      win32
[debug] [2024-11-12T21:47:50.079Z] Node Version:  v20.12.2
[debug] [2024-11-12T21:47:50.079Z] Time:          Tue Nov 12 2024 22:47:50 GMT+0100 (středoevropský standardní čas)
[debug] [2024-11-12T21:47:50.079Z] ----------------------------------------------------------------------
[debug] 
[debug] [2024-11-12T21:47:50.214Z] Object ".hosting" in "firebase.json" has unknown property: {"additionalProperty":"env"}
[debug] [2024-11-12T21:47:50.214Z] Field ".hosting" in "firebase.json" is possibly invalid: should be array
[debug] [2024-11-12T21:47:50.215Z] Field ".hosting" in "firebase.json" is possibly invalid: should match some schema in anyOf
[error] 
[error] Error: Cannot understand what targets to deploy/serve. No targets in firebase.json match '--only functions'. If you are using PowerShell make sure you place quotes around any comma-separated lists (ex: --only "functions,firestore").
[debug] [2024-11-12T21:47:50.652Z] Error: EBUSY: resource busy or locked, unlink 'C:\Users\vlds\Desktop\HomeStorage\homestorage-app\firebase-debug.log'
    at Object.unlinkSync (node:fs:1874:11)
    at process.<anonymous> (C:\Users\vlds\AppData\Roaming\npm\node_modules\firebase-tools\lib\bin\firebase.js:82:12)
    at process.emit (node:events:530:35)
    at process.exit (node:internal/process/per_thread:187:15)
    at Timeout._onTimeout (C:\Users\vlds\AppData\Roaming\npm\node_modules\firebase-tools\lib\errorOut.js:20:17)
    at listOnTimeout (node:internal/timers:573:17)
    at process.processTimers (node:internal/timers:514:7)
[error] 
[error] Error: An unexpected error has occurred.
